<?xml version="1.0" encoding="UTF-8"?>
<!-- Generated by org.testng.reporters.JUnitReportReporter -->
<testsuite hostname="LIN-GDYQ9K3" failures="0" tests="1" name="base.Driverinitilization2" time="4.349" errors="0" timestamp="2024-08-19T19:32:49 IST" skipped="0">
  <testcase classname="base.Driverinitilization2" name="driverSetup" time="4.349"/>
  <system-out/>
</testsuite> <!-- base.Driverinitilization2 -->
