<?xml version="1.0" encoding="UTF-8"?>
<!-- Generated by org.testng.reporters.JUnitReportReporter -->
<testsuite hostname="LIN-GDYQ9K3" failures="0" tests="2" name="interviewcoding.DataPro" time="0.018" errors="0" timestamp="2024-08-20T19:14:47 IST" skipped="0">
  <testcase classname="interviewcoding.DataPro" name="testm" time="0.017"/>
  <system-out/>
  <testcase classname="interviewcoding.DataPro" name="testm" time="0.001"/>
  <system-out/>
</testsuite> <!-- interviewcoding.DataPro -->
