<?xml version="1.0" encoding="UTF-8"?>
<!-- Generated by org.testng.reporters.JUnitReportReporter -->
<testsuite hostname="LIN-GDYQ9K3" failures="0" tests="1" name="base.Driverinitilization" time="5.848" errors="0" timestamp="2024-08-21T17:11:38 IST" skipped="0">
  <testcase classname="base.Driverinitilization" name="driverSetup" time="5.848"/>
  <system-out/>
</testsuite> <!-- base.Driverinitilization -->
